<?xml version="1.0" encoding="UTF-8"?>
<!-- Generated by org.testng.reporters.JUnitXMLReporter -->
<testsuite ignored="0" hostname="YL014QKL" failures="15" tests="15" name="Surefire test" time="22.476" errors="0" timestamp="2025-09-13T14:37:10 IST">
  <testcase classname="api.post.WebSocket.ChatWithDifferentTest" name="userMessagingTest" time="0.93">
    <failure type="org.java_websocket.exceptions.WebsocketNotConnectedException">
      <![CDATA[org.java_websocket.exceptions.WebsocketNotConnectedException
at org.java_websocket.WebSocketImpl.send(WebSocketImpl.java:673)
at org.java_websocket.WebSocketImpl.send(WebSocketImpl.java:649)
at org.java_websocket.client.WebSocketClient.send(WebSocketClient.java:431)
at api.post.WebSocket.ChatWithDifferentTest.userMessagingTest(ChatWithDifferentTest.java:137)
at java.base/java.util.ArrayList.forEach(ArrayList.java:1511)
... Removed 32 stack frames]]>
    </failure>
  </testcase> <!-- userMessagingTest -->
  <testcase classname="api.post.WebSocket.ChatWithDifferentTest" name="userMessagingTest" time="0.319">
    <failure type="org.java_websocket.exceptions.WebsocketNotConnectedException">
      <![CDATA[org.java_websocket.exceptions.WebsocketNotConnectedException
at org.java_websocket.WebSocketImpl.send(WebSocketImpl.java:673)
at org.java_websocket.WebSocketImpl.send(WebSocketImpl.java:649)
at org.java_websocket.client.WebSocketClient.send(WebSocketClient.java:431)
at api.post.WebSocket.ChatWithDifferentTest.userMessagingTest(ChatWithDifferentTest.java:137)
at java.base/java.util.ArrayList.forEach(ArrayList.java:1511)
... Removed 32 stack frames]]>
    </failure>
  </testcase> <!-- userMessagingTest -->
  <testcase classname="api.post.WebSocket.ChatWithDifferentTest" name="userMessagingTest" time="0.448">
    <failure type="org.java_websocket.exceptions.WebsocketNotConnectedException">
      <![CDATA[org.java_websocket.exceptions.WebsocketNotConnectedException
at org.java_websocket.WebSocketImpl.send(WebSocketImpl.java:673)
at org.java_websocket.WebSocketImpl.send(WebSocketImpl.java:649)
at org.java_websocket.client.WebSocketClient.send(WebSocketClient.java:431)
at api.post.WebSocket.ChatWithDifferentTest.userMessagingTest(ChatWithDifferentTest.java:137)
at java.base/java.util.ArrayList.forEach(ArrayList.java:1511)
... Removed 32 stack frames]]>
    </failure>
  </testcase> <!-- userMessagingTest -->
  <testcase classname="api.post.WebSocket.ChatWithDifferentTest" name="userMessagingTest" time="0.289">
    <failure type="org.java_websocket.exceptions.WebsocketNotConnectedException">
      <![CDATA[org.java_websocket.exceptions.WebsocketNotConnectedException
at org.java_websocket.WebSocketImpl.send(WebSocketImpl.java:673)
at org.java_websocket.WebSocketImpl.send(WebSocketImpl.java:649)
at org.java_websocket.client.WebSocketClient.send(WebSocketClient.java:431)
at api.post.WebSocket.ChatWithDifferentTest.userMessagingTest(ChatWithDifferentTest.java:137)
at java.base/java.util.ArrayList.forEach(ArrayList.java:1511)
... Removed 32 stack frames]]>
    </failure>
  </testcase> <!-- userMessagingTest -->
  <testcase classname="api.post.WebSocket.ChatWithDifferentTest" name="userMessagingTest" time="0.404">
    <failure type="org.java_websocket.exceptions.WebsocketNotConnectedException">
      <![CDATA[org.java_websocket.exceptions.WebsocketNotConnectedException
at org.java_websocket.WebSocketImpl.send(WebSocketImpl.java:673)
at org.java_websocket.WebSocketImpl.send(WebSocketImpl.java:649)
at org.java_websocket.client.WebSocketClient.send(WebSocketClient.java:431)
at api.post.WebSocket.ChatWithDifferentTest.userMessagingTest(ChatWithDifferentTest.java:137)
at java.base/java.util.ArrayList.forEach(ArrayList.java:1511)
... Removed 32 stack frames]]>
    </failure>
  </testcase> <!-- userMessagingTest -->
  <testcase classname="api.post.WebSocket.ChatWithDifferentTest" name="userMessagingTest" time="0.285">
    <failure type="org.java_websocket.exceptions.WebsocketNotConnectedException">
      <![CDATA[org.java_websocket.exceptions.WebsocketNotConnectedException
at org.java_websocket.WebSocketImpl.send(WebSocketImpl.java:673)
at org.java_websocket.WebSocketImpl.send(WebSocketImpl.java:649)
at org.java_websocket.client.WebSocketClient.send(WebSocketClient.java:431)
at api.post.WebSocket.ChatWithDifferentTest.userMessagingTest(ChatWithDifferentTest.java:137)
at java.base/java.util.ArrayList.forEach(ArrayList.java:1511)
... Removed 32 stack frames]]>
    </failure>
  </testcase> <!-- userMessagingTest -->
  <testcase classname="api.post.WebSocket.ChatWithDifferentTest" name="userMessagingTest" time="0.335">
    <failure type="org.java_websocket.exceptions.WebsocketNotConnectedException">
      <![CDATA[org.java_websocket.exceptions.WebsocketNotConnectedException
at org.java_websocket.WebSocketImpl.send(WebSocketImpl.java:673)
at org.java_websocket.WebSocketImpl.send(WebSocketImpl.java:649)
at org.java_websocket.client.WebSocketClient.send(WebSocketClient.java:431)
at api.post.WebSocket.ChatWithDifferentTest.userMessagingTest(ChatWithDifferentTest.java:137)
at java.base/java.util.ArrayList.forEach(ArrayList.java:1511)
... Removed 32 stack frames]]>
    </failure>
  </testcase> <!-- userMessagingTest -->
  <testcase classname="api.post.WebSocket.ChatWithDifferentTest" name="userMessagingTest" time="3.035">
    <failure type="org.java_websocket.exceptions.WebsocketNotConnectedException">
      <![CDATA[org.java_websocket.exceptions.WebsocketNotConnectedException
at org.java_websocket.WebSocketImpl.send(WebSocketImpl.java:673)
at org.java_websocket.WebSocketImpl.send(WebSocketImpl.java:649)
at org.java_websocket.client.WebSocketClient.send(WebSocketClient.java:431)
at api.post.WebSocket.ChatWithDifferentTest.userMessagingTest(ChatWithDifferentTest.java:137)
at java.base/java.util.ArrayList.forEach(ArrayList.java:1511)
... Removed 32 stack frames]]>
    </failure>
  </testcase> <!-- userMessagingTest -->
  <testcase classname="api.post.WebSocket.ChatWithDifferentTest" name="userMessagingTest" time="0.798">
    <failure type="org.java_websocket.exceptions.WebsocketNotConnectedException">
      <![CDATA[org.java_websocket.exceptions.WebsocketNotConnectedException
at org.java_websocket.WebSocketImpl.send(WebSocketImpl.java:673)
at org.java_websocket.WebSocketImpl.send(WebSocketImpl.java:649)
at org.java_websocket.client.WebSocketClient.send(WebSocketClient.java:431)
at api.post.WebSocket.ChatWithDifferentTest.userMessagingTest(ChatWithDifferentTest.java:137)
at java.base/java.util.ArrayList.forEach(ArrayList.java:1511)
... Removed 32 stack frames]]>
    </failure>
  </testcase> <!-- userMessagingTest -->
  <testcase classname="api.post.WebSocket.ChatWithDifferentTest" name="userMessagingTest" time="1.577">
    <failure type="org.java_websocket.exceptions.WebsocketNotConnectedException">
      <![CDATA[org.java_websocket.exceptions.WebsocketNotConnectedException
at org.java_websocket.WebSocketImpl.send(WebSocketImpl.java:673)
at org.java_websocket.WebSocketImpl.send(WebSocketImpl.java:649)
at org.java_websocket.client.WebSocketClient.send(WebSocketClient.java:431)
at api.post.WebSocket.ChatWithDifferentTest.userMessagingTest(ChatWithDifferentTest.java:137)
at java.base/java.util.ArrayList.forEach(ArrayList.java:1511)
... Removed 32 stack frames]]>
    </failure>
  </testcase> <!-- userMessagingTest -->
  <testcase classname="api.post.WebSocket.ChatWithDifferentTest" name="userMessagingTest" time="1.133">
    <failure type="org.java_websocket.exceptions.WebsocketNotConnectedException">
      <![CDATA[org.java_websocket.exceptions.WebsocketNotConnectedException
at org.java_websocket.WebSocketImpl.send(WebSocketImpl.java:673)
at org.java_websocket.WebSocketImpl.send(WebSocketImpl.java:649)
at org.java_websocket.client.WebSocketClient.send(WebSocketClient.java:431)
at api.post.WebSocket.ChatWithDifferentTest.userMessagingTest(ChatWithDifferentTest.java:137)
at java.base/java.util.ArrayList.forEach(ArrayList.java:1511)
... Removed 32 stack frames]]>
    </failure>
  </testcase> <!-- userMessagingTest -->
  <testcase classname="api.post.WebSocket.ChatWithDifferentTest" name="userMessagingTest" time="3.071">
    <failure type="org.java_websocket.exceptions.WebsocketNotConnectedException">
      <![CDATA[org.java_websocket.exceptions.WebsocketNotConnectedException
at org.java_websocket.WebSocketImpl.send(WebSocketImpl.java:673)
at org.java_websocket.WebSocketImpl.send(WebSocketImpl.java:649)
at org.java_websocket.client.WebSocketClient.send(WebSocketClient.java:431)
at api.post.WebSocket.ChatWithDifferentTest.userMessagingTest(ChatWithDifferentTest.java:137)
at java.base/java.util.ArrayList.forEach(ArrayList.java:1511)
... Removed 32 stack frames]]>
    </failure>
  </testcase> <!-- userMessagingTest -->
  <testcase classname="api.post.WebSocket.ChatWithDifferentTest" name="userMessagingTest" time="1.121">
    <failure type="org.java_websocket.exceptions.WebsocketNotConnectedException">
      <![CDATA[org.java_websocket.exceptions.WebsocketNotConnectedException
at org.java_websocket.WebSocketImpl.send(WebSocketImpl.java:673)
at org.java_websocket.WebSocketImpl.send(WebSocketImpl.java:649)
at org.java_websocket.client.WebSocketClient.send(WebSocketClient.java:431)
at api.post.WebSocket.ChatWithDifferentTest.userMessagingTest(ChatWithDifferentTest.java:137)
at java.base/java.util.ArrayList.forEach(ArrayList.java:1511)
... Removed 32 stack frames]]>
    </failure>
  </testcase> <!-- userMessagingTest -->
  <testcase classname="api.post.WebSocket.ChatWithDifferentTest" name="userMessagingTest" time="1.017">
    <failure type="org.java_websocket.exceptions.WebsocketNotConnectedException">
      <![CDATA[org.java_websocket.exceptions.WebsocketNotConnectedException
at org.java_websocket.WebSocketImpl.send(WebSocketImpl.java:673)
at org.java_websocket.WebSocketImpl.send(WebSocketImpl.java:649)
at org.java_websocket.client.WebSocketClient.send(WebSocketClient.java:431)
at api.post.WebSocket.ChatWithDifferentTest.userMessagingTest(ChatWithDifferentTest.java:137)
at java.base/java.util.ArrayList.forEach(ArrayList.java:1511)
... Removed 32 stack frames]]>
    </failure>
  </testcase> <!-- userMessagingTest -->
  <testcase classname="api.post.WebSocket.ChatWithDifferentTest" name="userMessagingTest" time="0.998">
    <failure type="org.java_websocket.exceptions.WebsocketNotConnectedException">
      <![CDATA[org.java_websocket.exceptions.WebsocketNotConnectedException
at org.java_websocket.WebSocketImpl.send(WebSocketImpl.java:673)
at org.java_websocket.WebSocketImpl.send(WebSocketImpl.java:649)
at org.java_websocket.client.WebSocketClient.send(WebSocketClient.java:431)
at api.post.WebSocket.ChatWithDifferentTest.userMessagingTest(ChatWithDifferentTest.java:137)
at java.base/java.util.ArrayList.forEach(ArrayList.java:1511)
... Removed 32 stack frames]]>
    </failure>
  </testcase> <!-- userMessagingTest -->
</testsuite> <!-- Surefire test -->
